[ 2016-04-14T11:34:03+08:00 ] 172.21.17.2 /SmallFlea/index.php?m=Home&c=User&a=login&password=123456&name=xll
INFO: [ app_init ] --START--
INFO: Run Behavior\BuildLiteBehavior [ RunTime:0.000287s ]
INFO: [ app_init ] --END-- [ RunTime:0.002464s ]
INFO: [ app_begin ] --START--
INFO: Run Behavior\ReadHtmlCacheBehavior [ RunTime:0.002101s ]
INFO: [ app_begin ] --END-- [ RunTime:0.003420s ]
SQL: SHOW COLUMNS FROM `think_user` [ RunTime:0.0068s ]
SQL: SELECT * FROM `think_user` WHERE `name` = 'xll' AND `password` = '123456' LIMIT 1   [ RunTime:0.0010s ]
INFO: [ app_end ] --START--
INFO: Run Behavior\ShowPageTraceBehavior [ RunTime:0.047696s ]
INFO: [ app_end ] --END-- [ RunTime:0.049526s ]

[ 2016-04-14T11:37:07+08:00 ] 172.21.17.2 /SmallFlea/index.php?m=Home&c=User&a=login&password=123456&name=xll
INFO: [ app_init ] --START--
INFO: Run Behavior\BuildLiteBehavior [ RunTime:0.000299s ]
INFO: [ app_init ] --END-- [ RunTime:0.002502s ]
INFO: [ app_begin ] --START--
INFO: Run Behavior\ReadHtmlCacheBehavior [ RunTime:0.002192s ]
INFO: [ app_begin ] --END-- [ RunTime:0.003633s ]
SQL: SHOW COLUMNS FROM `think_user` [ RunTime:0.0141s ]
SQL: SELECT * FROM `think_user` WHERE `name` = 'xll' AND `password` = '123456' LIMIT 1   [ RunTime:0.0014s ]
INFO: [ app_end ] --START--
INFO: Run Behavior\ShowPageTraceBehavior [ RunTime:0.002260s ]
INFO: [ app_end ] --END-- [ RunTime:0.003502s ]

[ 2016-04-14T11:37:38+08:00 ] 172.21.17.2 /SmallFlea/index.php?m=Home&c=User&a=login&password=123456&name=xll
INFO: [ app_init ] --START--
INFO: Run Behavior\BuildLiteBehavior [ RunTime:0.000228s ]
INFO: [ app_init ] --END-- [ RunTime:0.002105s ]
INFO: [ app_begin ] --START--
INFO: Run Behavior\ReadHtmlCacheBehavior [ RunTime:0.001718s ]
INFO: [ app_begin ] --END-- [ RunTime:0.002963s ]
SQL: SHOW COLUMNS FROM `think_user` [ RunTime:0.0067s ]
SQL: SELECT * FROM `think_user` WHERE `name` = 'xll' AND `password` = '123456' LIMIT 1   [ RunTime:0.0016s ]
INFO: [ app_end ] --START--
INFO: Run Behavior\ShowPageTraceBehavior [ RunTime:0.002187s ]
INFO: [ app_end ] --END-- [ RunTime:0.003533s ]

[ 2016-04-14T11:39:22+08:00 ] 172.21.17.2 /SmallFlea/index.php?m=Home&c=User&a=login&password=%22123456%22&name=%22xll%22
INFO: [ app_init ] --START--
INFO: Run Behavior\BuildLiteBehavior [ RunTime:0.000232s ]
INFO: [ app_init ] --END-- [ RunTime:0.002215s ]
INFO: [ app_begin ] --START--
INFO: Run Behavior\ReadHtmlCacheBehavior [ RunTime:0.002029s ]
INFO: [ app_begin ] --END-- [ RunTime:0.003326s ]
SQL: SHOW COLUMNS FROM `think_user` [ RunTime:0.0128s ]
SQL: SELECT * FROM `think_user` WHERE `name` = '\"xll\"' AND `password` = '\"123456\"' LIMIT 1   [ RunTime:0.0013s ]
INFO: [ app_end ] --START--
INFO: Run Behavior\ShowPageTraceBehavior [ RunTime:0.004271s ]
INFO: [ app_end ] --END-- [ RunTime:0.006799s ]

[ 2016-04-14T11:46:37+08:00 ] 172.21.17.3 /SmallFlea/index.php?m=Home&c=User&a=login&password=123456&name=xll&
INFO: [ app_init ] --START--
INFO: Run Behavior\BuildLiteBehavior [ RunTime:0.000196s ]
INFO: [ app_init ] --END-- [ RunTime:0.001907s ]
INFO: [ app_begin ] --START--
INFO: Run Behavior\ReadHtmlCacheBehavior [ RunTime:0.001521s ]
INFO: [ app_begin ] --END-- [ RunTime:0.002584s ]
SQL: SHOW COLUMNS FROM `think_user` [ RunTime:0.0132s ]
SQL: SELECT * FROM `think_user` WHERE `name` = 'xll' AND `password` = '123456' LIMIT 1   [ RunTime:0.0014s ]
INFO: [ app_end ] --START--
INFO: Run Behavior\ShowPageTraceBehavior [ RunTime:0.003906s ]
INFO: [ app_end ] --END-- [ RunTime:0.006207s ]

[ 2016-04-14T11:46:52+08:00 ] 172.21.17.3 /SmallFlea/index.php?m=Home&c=User&a=login&password=123456&name=xll&
INFO: [ app_init ] --START--
INFO: Run Behavior\BuildLiteBehavior [ RunTime:0.000199s ]
INFO: [ app_init ] --END-- [ RunTime:0.001894s ]
INFO: [ app_begin ] --START--
INFO: Run Behavior\ReadHtmlCacheBehavior [ RunTime:0.001816s ]
INFO: [ app_begin ] --END-- [ RunTime:0.003123s ]
SQL: SHOW COLUMNS FROM `think_user` [ RunTime:0.0124s ]
SQL: SELECT * FROM `think_user` WHERE `name` = 'xll' AND `password` = '123456' LIMIT 1   [ RunTime:0.0012s ]
INFO: [ app_end ] --START--
INFO: Run Behavior\ShowPageTraceBehavior [ RunTime:0.003691s ]
INFO: [ app_end ] --END-- [ RunTime:0.005964s ]

[ 2016-04-14T11:48:54+08:00 ] 172.21.17.3 /SmallFlea/index.php?m=Home&c=User&a=login&password=123456&name=xll&
INFO: [ app_init ] --START--
INFO: Run Behavior\BuildLiteBehavior [ RunTime:0.000209s ]
INFO: [ app_init ] --END-- [ RunTime:0.001947s ]
INFO: [ app_begin ] --START--
INFO: Run Behavior\ReadHtmlCacheBehavior [ RunTime:0.001543s ]
INFO: [ app_begin ] --END-- [ RunTime:0.002579s ]
SQL: SHOW COLUMNS FROM `think_user` [ RunTime:0.0125s ]
SQL: SELECT * FROM `think_user` WHERE `name` = 'xll' AND `password` = '123456' LIMIT 1   [ RunTime:0.0013s ]
INFO: [ app_end ] --START--
INFO: Run Behavior\ShowPageTraceBehavior [ RunTime:0.003703s ]
INFO: [ app_end ] --END-- [ RunTime:0.005932s ]

[ 2016-04-14T11:49:07+08:00 ] 172.21.17.3 /SmallFlea/index.php?m=Home&c=User&a=login&password=123456&name=xll&
INFO: [ app_init ] --START--
INFO: Run Behavior\BuildLiteBehavior [ RunTime:0.000200s ]
INFO: [ app_init ] --END-- [ RunTime:0.001976s ]
INFO: [ app_begin ] --START--
INFO: Run Behavior\ReadHtmlCacheBehavior [ RunTime:0.001832s ]
INFO: [ app_begin ] --END-- [ RunTime:0.003092s ]
SQL: SHOW COLUMNS FROM `think_user` [ RunTime:0.0073s ]
SQL: SELECT * FROM `think_user` WHERE `name` = 'xll' AND `password` = '123456' LIMIT 1   [ RunTime:0.0009s ]
INFO: [ app_end ] --START--
INFO: Run Behavior\ShowPageTraceBehavior [ RunTime:0.001949s ]
INFO: [ app_end ] --END-- [ RunTime:0.003061s ]

[ 2016-04-14T11:49:22+08:00 ] 172.21.17.3 /SmallFlea/index.php?m=Home&c=User&a=login&password=123456&name=xll&
INFO: [ app_init ] --START--
INFO: Run Behavior\BuildLiteBehavior [ RunTime:0.000287s ]
INFO: [ app_init ] --END-- [ RunTime:0.002706s ]
INFO: [ app_begin ] --START--
INFO: Run Behavior\ReadHtmlCacheBehavior [ RunTime:0.002359s ]
INFO: [ app_begin ] --END-- [ RunTime:0.004118s ]
SQL: SHOW COLUMNS FROM `think_user` [ RunTime:0.0133s ]
SQL: SELECT * FROM `think_user` WHERE `name` = 'xll' AND `password` = '123456' LIMIT 1   [ RunTime:0.0014s ]
INFO: [ app_end ] --START--
INFO: Run Behavior\ShowPageTraceBehavior [ RunTime:0.003668s ]
INFO: [ app_end ] --END-- [ RunTime:0.005938s ]

[ 2016-04-14T11:49:41+08:00 ] 172.21.17.3 /SmallFlea/index.php?m=Home&c=User&a=login&password=123456&name=xll&
INFO: [ app_init ] --START--
INFO: Run Behavior\BuildLiteBehavior [ RunTime:0.000196s ]
INFO: [ app_init ] --END-- [ RunTime:0.001883s ]
INFO: [ app_begin ] --START--
INFO: Run Behavior\ReadHtmlCacheBehavior [ RunTime:0.001432s ]
INFO: [ app_begin ] --END-- [ RunTime:0.002507s ]
SQL: SHOW COLUMNS FROM `think_user` [ RunTime:0.0112s ]
SQL: SELECT * FROM `think_user` WHERE `name` = 'xll' AND `password` = '123456' LIMIT 1   [ RunTime:0.0011s ]
INFO: [ app_end ] --START--
INFO: Run Behavior\ShowPageTraceBehavior [ RunTime:0.002535s ]
INFO: [ app_end ] --END-- [ RunTime:0.004060s ]

[ 2016-04-14T11:55:55+08:00 ] 172.21.17.2 /SmallFlea/index.php?m=Home&c=User&a=login&password=%22123456%22&name=%22xll%22&
INFO: [ app_init ] --START--
INFO: Run Behavior\BuildLiteBehavior [ RunTime:0.000196s ]
INFO: [ app_init ] --END-- [ RunTime:0.002082s ]
INFO: [ app_begin ] --START--
INFO: Run Behavior\ReadHtmlCacheBehavior [ RunTime:0.001714s ]
INFO: [ app_begin ] --END-- [ RunTime:0.002799s ]
SQL: SHOW COLUMNS FROM `think_user` [ RunTime:0.0128s ]
SQL: SELECT * FROM `think_user` WHERE `name` = '\"xll\"' AND `password` = '\"123456\"' LIMIT 1   [ RunTime:0.0015s ]
INFO: [ app_end ] --START--
INFO: Run Behavior\ShowPageTraceBehavior [ RunTime:0.003791s ]
INFO: [ app_end ] --END-- [ RunTime:0.006354s ]

[ 2016-04-14T11:57:39+08:00 ] 172.21.17.3 /SmallFlea/index.php?m=Home&c=User&a=login&password=123456&name=xll&
INFO: [ app_init ] --START--
INFO: Run Behavior\BuildLiteBehavior [ RunTime:0.000244s ]
INFO: [ app_init ] --END-- [ RunTime:0.002473s ]
INFO: [ app_begin ] --START--
INFO: Run Behavior\ReadHtmlCacheBehavior [ RunTime:0.001487s ]
INFO: [ app_begin ] --END-- [ RunTime:0.002527s ]
SQL: SHOW COLUMNS FROM `think_user` [ RunTime:0.0121s ]
SQL: SELECT * FROM `think_user` WHERE `name` = 'xll' AND `password` = '123456' LIMIT 1   [ RunTime:0.0014s ]
INFO: [ app_end ] --START--
INFO: Run Behavior\ShowPageTraceBehavior [ RunTime:0.003995s ]
INFO: [ app_end ] --END-- [ RunTime:0.006325s ]

[ 2016-04-14T11:57:57+08:00 ] 172.21.17.3 /SmallFlea/index.php?m=Home&c=User&a=login&password=123456&name=xll&
INFO: [ app_init ] --START--
INFO: Run Behavior\BuildLiteBehavior [ RunTime:0.000228s ]
INFO: [ app_init ] --END-- [ RunTime:0.002090s ]
INFO: [ app_begin ] --START--
INFO: Run Behavior\ReadHtmlCacheBehavior [ RunTime:0.001744s ]
INFO: [ app_begin ] --END-- [ RunTime:0.002912s ]
SQL: SHOW COLUMNS FROM `think_user` [ RunTime:0.0070s ]
SQL: SELECT * FROM `think_user` WHERE `name` = 'xll' AND `password` = '123456' LIMIT 1   [ RunTime:0.0009s ]
INFO: [ app_end ] --START--
INFO: Run Behavior\ShowPageTraceBehavior [ RunTime:0.002557s ]
INFO: [ app_end ] --END-- [ RunTime:0.004059s ]

[ 2016-04-14T12:03:23+08:00 ] 172.21.17.3 /SmallFlea/index.php?m=Home&c=User&a=login&%22password%22=%22123456%22&%22name%22=%22xll%22&
INFO: [ app_init ] --START--
INFO: Run Behavior\BuildLiteBehavior [ RunTime:0.000202s ]
INFO: [ app_init ] --END-- [ RunTime:0.001984s ]
INFO: [ app_begin ] --START--
INFO: Run Behavior\ReadHtmlCacheBehavior [ RunTime:0.001822s ]
INFO: [ app_begin ] --END-- [ RunTime:0.002976s ]
ERR: 参数错误或者未定义:name

[ 2016-04-14T12:03:30+08:00 ] 172.21.17.3 /SmallFlea/index.php?m=Home&c=User&a=login&%22password%22=%22123456%22&%22name%22=%22xll%22&
INFO: [ app_init ] --START--
INFO: Run Behavior\BuildLiteBehavior [ RunTime:0.000266s ]
INFO: [ app_init ] --END-- [ RunTime:0.002527s ]
INFO: [ app_begin ] --START--
INFO: Run Behavior\ReadHtmlCacheBehavior [ RunTime:0.001876s ]
INFO: [ app_begin ] --END-- [ RunTime:0.003238s ]
ERR: 参数错误或者未定义:name

[ 2016-04-14T12:03:35+08:00 ] 172.21.17.3 /SmallFlea/index.php?m=Home&c=User&a=login&%22password%22=%22123456%22&%22name%22=%22xll%22&
INFO: [ app_init ] --START--
INFO: Run Behavior\BuildLiteBehavior [ RunTime:0.000199s ]
INFO: [ app_init ] --END-- [ RunTime:0.002065s ]
INFO: [ app_begin ] --START--
INFO: Run Behavior\ReadHtmlCacheBehavior [ RunTime:0.001497s ]
INFO: [ app_begin ] --END-- [ RunTime:0.002657s ]
ERR: 参数错误或者未定义:name

[ 2016-04-14T12:03:49+08:00 ] 172.21.17.3 /SmallFlea/index.php?m=Home&c=User&a=login&%22password%22=%22123456%22&%22name%22=%22xll%22&
INFO: [ app_init ] --START--
INFO: Run Behavior\BuildLiteBehavior [ RunTime:0.000280s ]
INFO: [ app_init ] --END-- [ RunTime:0.003072s ]
INFO: [ app_begin ] --START--
INFO: Run Behavior\ReadHtmlCacheBehavior [ RunTime:0.001959s ]
INFO: [ app_begin ] --END-- [ RunTime:0.003952s ]
ERR: 参数错误或者未定义:name

[ 2016-04-14T12:03:49+08:00 ] 172.21.17.3 /SmallFlea/index.php?m=Home&c=User&a=login&%22password%22=%22123456%22&%22name%22=%22xll%22&
INFO: [ app_init ] --START--
INFO: Run Behavior\BuildLiteBehavior [ RunTime:0.000225s ]
INFO: [ app_init ] --END-- [ RunTime:0.003973s ]
INFO: [ app_begin ] --START--
INFO: Run Behavior\ReadHtmlCacheBehavior [ RunTime:0.008864s ]
INFO: [ app_begin ] --END-- [ RunTime:0.013286s ]
ERR: 参数错误或者未定义:name

[ 2016-04-14T12:03:49+08:00 ] 172.21.17.3 /SmallFlea/index.php?m=Home&c=User&a=login&%22password%22=%22123456%22&%22name%22=%22xll%22&
INFO: [ app_init ] --START--
INFO: Run Behavior\BuildLiteBehavior [ RunTime:0.000456s ]
INFO: [ app_init ] --END-- [ RunTime:0.005324s ]
INFO: [ app_begin ] --START--
INFO: Run Behavior\ReadHtmlCacheBehavior [ RunTime:0.002594s ]
INFO: [ app_begin ] --END-- [ RunTime:0.005813s ]
ERR: 参数错误或者未定义:name

[ 2016-04-14T12:03:49+08:00 ] 172.21.17.3 /SmallFlea/index.php?m=Home&c=User&a=login&%22password%22=%22123456%22&%22name%22=%22xll%22&
INFO: [ app_init ] --START--
INFO: Run Behavior\BuildLiteBehavior [ RunTime:0.000374s ]
INFO: [ app_init ] --END-- [ RunTime:0.005649s ]
INFO: [ app_begin ] --START--
INFO: Run Behavior\ReadHtmlCacheBehavior [ RunTime:0.002484s ]
INFO: [ app_begin ] --END-- [ RunTime:0.004442s ]
ERR: 参数错误或者未定义:name

[ 2016-04-14T12:03:49+08:00 ] 172.21.17.3 /SmallFlea/index.php?m=Home&c=User&a=login&%22password%22=%22123456%22&%22name%22=%22xll%22&
INFO: [ app_init ] --START--
INFO: Run Behavior\BuildLiteBehavior [ RunTime:0.000339s ]
INFO: [ app_init ] --END-- [ RunTime:0.004329s ]
INFO: [ app_begin ] --START--
INFO: Run Behavior\ReadHtmlCacheBehavior [ RunTime:0.002131s ]
INFO: [ app_begin ] --END-- [ RunTime:0.003902s ]
ERR: 参数错误或者未定义:name

[ 2016-04-14T12:03:49+08:00 ] 172.21.17.3 /SmallFlea/index.php?m=Home&c=User&a=login&%22password%22=%22123456%22&%22name%22=%22xll%22&
INFO: [ app_init ] --START--
INFO: Run Behavior\BuildLiteBehavior [ RunTime:0.000328s ]
INFO: [ app_init ] --END-- [ RunTime:0.002993s ]
INFO: [ app_begin ] --START--
INFO: Run Behavior\ReadHtmlCacheBehavior [ RunTime:0.002894s ]
INFO: [ app_begin ] --END-- [ RunTime:0.005063s ]
ERR: 参数错误或者未定义:name

[ 2016-04-14T12:03:49+08:00 ] 172.21.17.3 /SmallFlea/index.php?m=Home&c=User&a=login&%22password%22=%22123456%22&%22name%22=%22xll%22&
INFO: [ app_init ] --START--
INFO: Run Behavior\BuildLiteBehavior [ RunTime:0.000426s ]
INFO: [ app_init ] --END-- [ RunTime:0.003312s ]
INFO: [ app_begin ] --START--
INFO: Run Behavior\ReadHtmlCacheBehavior [ RunTime:0.003548s ]
INFO: [ app_begin ] --END-- [ RunTime:0.006470s ]
ERR: 参数错误或者未定义:name

[ 2016-04-14T12:03:49+08:00 ] 172.21.17.3 /SmallFlea/index.php?m=Home&c=User&a=login&%22password%22=%22123456%22&%22name%22=%22xll%22&
INFO: [ app_init ] --START--
INFO: Run Behavior\BuildLiteBehavior [ RunTime:0.000381s ]
INFO: [ app_init ] --END-- [ RunTime:0.003593s ]
INFO: [ app_begin ] --START--
INFO: Run Behavior\ReadHtmlCacheBehavior [ RunTime:0.003459s ]
INFO: [ app_begin ] --END-- [ RunTime:0.007075s ]
ERR: 参数错误或者未定义:name

[ 2016-04-14T12:05:56+08:00 ] 172.21.17.2 /SmallFlea/index.php?m=Home&c=User&a=login&password=%22123456%22&name=%22xll%22&
INFO: [ app_init ] --START--
INFO: Run Behavior\BuildLiteBehavior [ RunTime:0.000269s ]
INFO: [ app_init ] --END-- [ RunTime:0.002917s ]
INFO: [ app_begin ] --START--
INFO: Run Behavior\ReadHtmlCacheBehavior [ RunTime:0.002389s ]
INFO: [ app_begin ] --END-- [ RunTime:0.003970s ]
SQL: SHOW COLUMNS FROM `think_user` [ RunTime:0.0126s ]
SQL: SELECT * FROM `think_user` WHERE `name` = '\"xll\"' AND `password` = '\"123456\"' LIMIT 1   [ RunTime:0.0014s ]
INFO: [ app_end ] --START--
INFO: Run Behavior\ShowPageTraceBehavior [ RunTime:0.003749s ]
INFO: [ app_end ] --END-- [ RunTime:0.005866s ]

[ 2016-04-14T12:06:25+08:00 ] 172.21.17.3 /SmallFlea/index.php?m=Home&c=User&a=login&password=%22123456%22&name=%22xll%22&
INFO: [ app_init ] --START--
INFO: Run Behavior\BuildLiteBehavior [ RunTime:0.000198s ]
INFO: [ app_init ] --END-- [ RunTime:0.001864s ]
INFO: [ app_begin ] --START--
INFO: Run Behavior\ReadHtmlCacheBehavior [ RunTime:0.002289s ]
INFO: [ app_begin ] --END-- [ RunTime:0.003927s ]
SQL: SHOW COLUMNS FROM `think_user` [ RunTime:0.0128s ]
SQL: SELECT * FROM `think_user` WHERE `name` = '\"xll\"' AND `password` = '\"123456\"' LIMIT 1   [ RunTime:0.0013s ]
INFO: [ app_end ] --START--
INFO: Run Behavior\ShowPageTraceBehavior [ RunTime:0.003620s ]
INFO: [ app_end ] --END-- [ RunTime:0.005876s ]

[ 2016-04-14T12:08:13+08:00 ] 172.21.17.3 /SmallFlea/index.php?m=Home&c=User&a=login&password=%22123456%22&name=%22xll%22&
INFO: [ app_init ] --START--
INFO: Run Behavior\BuildLiteBehavior [ RunTime:0.000205s ]
INFO: [ app_init ] --END-- [ RunTime:0.001820s ]
INFO: [ app_begin ] --START--
INFO: Run Behavior\ReadHtmlCacheBehavior [ RunTime:0.001356s ]
INFO: [ app_begin ] --END-- [ RunTime:0.002412s ]
SQL: SHOW COLUMNS FROM `think_user` [ RunTime:0.0135s ]
SQL: SELECT * FROM `think_user` WHERE `name` = '\"xll\"' AND `password` = '\"123456\"' LIMIT 1   [ RunTime:0.0015s ]
INFO: [ app_end ] --START--
INFO: Run Behavior\ShowPageTraceBehavior [ RunTime:0.003667s ]
INFO: [ app_end ] --END-- [ RunTime:0.006003s ]

[ 2016-04-14T12:53:38+08:00 ] 172.21.17.3 /SmallFlea/index.php?m=Home&c=User&a=login&password=%22123456%22&name=%22xll%22&
INFO: [ app_init ] --START--
INFO: Run Behavior\BuildLiteBehavior [ RunTime:0.000360s ]
INFO: [ app_init ] --END-- [ RunTime:0.003365s ]
INFO: [ app_begin ] --START--
INFO: Run Behavior\ReadHtmlCacheBehavior [ RunTime:0.003043s ]
INFO: [ app_begin ] --END-- [ RunTime:0.004949s ]
SQL: SHOW COLUMNS FROM `think_user` [ RunTime:0.0151s ]
SQL: SELECT * FROM `think_user` WHERE `name` = '\"xll\"' AND `password` = '\"123456\"' LIMIT 1   [ RunTime:0.0013s ]
INFO: [ app_end ] --START--
INFO: Run Behavior\ShowPageTraceBehavior [ RunTime:0.003716s ]
INFO: [ app_end ] --END-- [ RunTime:0.005824s ]

[ 2016-04-14T12:55:16+08:00 ] 172.21.17.3 /SmallFlea/index.php?m=Home&c=User&a=login&password=%22123456%22&name=%22xll%22&
INFO: [ app_init ] --START--
INFO: Run Behavior\BuildLiteBehavior [ RunTime:0.000399s ]
INFO: [ app_init ] --END-- [ RunTime:0.004526s ]
INFO: [ app_begin ] --START--
INFO: Run Behavior\ReadHtmlCacheBehavior [ RunTime:0.003185s ]
INFO: [ app_begin ] --END-- [ RunTime:0.005358s ]
SQL: SHOW COLUMNS FROM `think_user` [ RunTime:0.0130s ]
SQL: SELECT * FROM `think_user` WHERE `name` = '\"xll\"' AND `password` = '\"123456\"' LIMIT 1   [ RunTime:0.0020s ]
INFO: [ app_end ] --START--
INFO: Run Behavior\ShowPageTraceBehavior [ RunTime:0.004118s ]
INFO: [ app_end ] --END-- [ RunTime:0.006529s ]

[ 2016-04-14T12:56:26+08:00 ] 172.21.17.3 /SmallFlea/index.php?m=Home&c=User&a=login&password=%22123456%22&name=%22xll%22&
INFO: [ app_init ] --START--
INFO: Run Behavior\BuildLiteBehavior [ RunTime:0.000356s ]
INFO: [ app_init ] --END-- [ RunTime:0.003354s ]
INFO: [ app_begin ] --START--
INFO: Run Behavior\ReadHtmlCacheBehavior [ RunTime:0.002643s ]
INFO: [ app_begin ] --END-- [ RunTime:0.004492s ]
SQL: SHOW COLUMNS FROM `think_user` [ RunTime:0.0129s ]
SQL: SELECT * FROM `think_user` WHERE `name` = '\"xll\"' AND `password` = '\"123456\"' LIMIT 1   [ RunTime:0.0017s ]
INFO: [ app_end ] --START--
INFO: Run Behavior\ShowPageTraceBehavior [ RunTime:0.003975s ]
INFO: [ app_end ] --END-- [ RunTime:0.006532s ]

[ 2016-04-14T13:13:32+08:00 ] 172.21.17.3 /SmallFlea/index.php?m=Home&c=User&a=login&password=%22123456%22&name=%22xll%22&
INFO: [ app_init ] --START--
INFO: Run Behavior\BuildLiteBehavior [ RunTime:0.000437s ]
INFO: [ app_init ] --END-- [ RunTime:0.004282s ]
INFO: [ app_begin ] --START--
INFO: Run Behavior\ReadHtmlCacheBehavior [ RunTime:0.003925s ]
INFO: [ app_begin ] --END-- [ RunTime:0.006423s ]
SQL: SHOW COLUMNS FROM `think_user` [ RunTime:0.0145s ]
SQL: SELECT * FROM `think_user` WHERE `name` = '\"xll\"' AND `password` = '\"123456\"' LIMIT 1   [ RunTime:0.0022s ]
INFO: [ app_end ] --START--
INFO: Run Behavior\ShowPageTraceBehavior [ RunTime:0.004487s ]
INFO: [ app_end ] --END-- [ RunTime:0.006871s ]

